<?xml version="1.0" encoding="UTF-8"?>
<!-- Generated by org.testng.reporters.JUnitReportReporter -->
<testsuite skipped="0" hostname="AA-PC" name="testng_Framework.Groups.TestSuite3" tests="1" failures="0" timestamp="2019-12-14T11:14:32 IST" time="0.015" errors="0">
  <testcase name="tc007" time="0.015" classname="testng_Framework.Groups.TestSuite3"/>
</testsuite> <!-- testng_Framework.Groups.TestSuite3 -->
