<?xml version="1.0" encoding="UTF-8"?>
<!-- Generated by org.testng.reporters.JUnitReportReporter -->
<testsuite skipped="0" hostname="AA-PC" name="testng_Framework.Testng_Method_Dependencies" tests="4" failures="0" timestamp="2019-12-13T10:54:05 IST" time="0.016" errors="0">
  <testcase name="Browser_launch" time="0.016" classname="testng_Framework.Testng_Method_Dependencies"/>
  <testcase name="App_Load" time="0.000" classname="testng_Framework.Testng_Method_Dependencies"/>
  <testcase name="User_login" time="0.000" classname="testng_Framework.Testng_Method_Dependencies"/>
  <testcase name="User_Signout" time="0.000" classname="testng_Framework.Testng_Method_Dependencies"/>
</testsuite> <!-- testng_Framework.Testng_Method_Dependencies -->
