<?xml version="1.0" encoding="UTF-8"?>
<!-- Generated by org.testng.reporters.JUnitReportReporter -->
<testsuite skipped="0" hostname="AA-PC" name="testng_Framework.BeforeTest_and_AfterTest.TestSuite1" tests="6" failures="0" timestamp="2019-12-14T12:31:04 IST" time="0.000" errors="0">
  <testcase name="tc002" time="0.000" classname="testng_Framework.BeforeTest_and_AfterTest.TestSuite1"/>
  <testcase name="tc001" time="0.000" classname="testng_Framework.BeforeTest_and_AfterTest.TestSuite1"/>
  <testcase name="tc001" time="0.000" classname="testng_Framework.BeforeTest_and_AfterTest.TestSuite1"/>
  <testcase name="tc002" time="0.000" classname="testng_Framework.BeforeTest_and_AfterTest.TestSuite1"/>
  <testcase name="tc003" time="0.000" classname="testng_Framework.BeforeTest_and_AfterTest.TestSuite1"/>
  <testcase name="tc003" time="0.000" classname="testng_Framework.BeforeTest_and_AfterTest.TestSuite1"/>
</testsuite> <!-- testng_Framework.BeforeTest_and_AfterTest.TestSuite1 -->
