<?xml version="1.0" encoding="UTF-8"?>
<!-- Generated by org.testng.reporters.JUnitReportReporter -->
<testsuite skipped="0" hostname="AA-PC" name="testng_Framework.BeforeTest_and_AfterTest.Test_for_Chrome" tests="1" failures="0" timestamp="2019-12-14T12:31:04 IST" time="0.000" errors="0">
  <testcase name="login" time="0.000" classname="testng_Framework.BeforeTest_and_AfterTest.Test_for_Chrome"/>
</testsuite> <!-- testng_Framework.BeforeTest_and_AfterTest.Test_for_Chrome -->
