<?xml version="1.0" encoding="UTF-8"?>
<!-- Generated by org.testng.reporters.JUnitReportReporter -->
<testsuite skipped="0" hostname="AA-PC" name="testng_Framework.Method_Description" tests="1" failures="0" timestamp="2019-12-13T10:40:42 IST" time="0.016" errors="0">
  <testcase name="tc001" time="0.016" classname="testng_Framework.Method_Description"/>
</testsuite> <!-- testng_Framework.Method_Description -->
