<?xml version="1.0" encoding="UTF-8"?>
<!-- Generated by org.testng.reporters.JUnitReportReporter -->
<testsuite skipped="1" hostname="AA-PC" name="testng_Framework.Method_Ignore" tests="3" failures="0" timestamp="2019-12-13T10:44:56 IST" time="0.016" errors="0">
  <testcase name="tc001" time="0.016" classname="testng_Framework.Method_Ignore"/>
  <testcase name="tc003" time="0.000" classname="testng_Framework.Method_Ignore"/>
  <testcase name="tc002" classname="testng_Framework.Method_Ignore">
    <skipped/>
  </testcase> <!-- tc002 -->
</testsuite> <!-- testng_Framework.Method_Ignore -->
