<?xml version="1.0" encoding="UTF-8"?>
<!-- Generated by org.testng.reporters.JUnitReportReporter -->
<testsuite skipped="0" hostname="AA-PC" name="testng_Framework.Before_And_AfterMethod" tests="3" failures="0" timestamp="2019-12-13T10:22:12 IST" time="0.016" errors="0">
  <testcase name="Tc001" time="0.016" classname="testng_Framework.Before_And_AfterMethod"/>
  <testcase name="Tc003" time="0.000" classname="testng_Framework.Before_And_AfterMethod"/>
  <testcase name="Tc002" time="0.000" classname="testng_Framework.Before_And_AfterMethod"/>
</testsuite> <!-- testng_Framework.Before_And_AfterMethod -->
