<?xml version="1.0" encoding="UTF-8"?>
<!-- Generated by org.testng.reporters.JUnitReportReporter -->
<testsuite skipped="0" hostname="AA-PC" name="testng_Framework.Testng_Test" tests="3" failures="0" timestamp="2019-12-13T10:13:58 IST" time="0.016" errors="0">
  <testcase name="Tc001" time="0.016" classname="testng_Framework.Testng_Test"/>
  <testcase name="Tc002" time="0.000" classname="testng_Framework.Testng_Test"/>
  <testcase name="Tc003" time="0.000" classname="testng_Framework.Testng_Test"/>
</testsuite> <!-- testng_Framework.Testng_Test -->
