<?xml version="1.0" encoding="UTF-8"?>
<!-- Generated by org.testng.reporters.JUnitReportReporter -->
<testsuite skipped="0" hostname="AA-PC" name="testng_Framework.CrossBrowser.CrossBrowser_Test" tests="8" failures="0" timestamp="2019-12-14T12:13:24 IST" time="76.860" errors="0">
  <testcase name="launchBrowser" time="6.706" classname="testng_Framework.CrossBrowser.CrossBrowser_Test"/>
  <testcase name="launchBrowser" time="3.528" classname="testng_Framework.CrossBrowser.CrossBrowser_Test"/>
  <testcase name="loadApp" time="11.214" classname="testng_Framework.CrossBrowser.CrossBrowser_Test"/>
  <testcase name="loadApp" time="10.220" classname="testng_Framework.CrossBrowser.CrossBrowser_Test"/>
  <testcase name="flight_search" time="15.600" classname="testng_Framework.CrossBrowser.CrossBrowser_Test"/>
  <testcase name="flight_search" time="13.757" classname="testng_Framework.CrossBrowser.CrossBrowser_Test"/>
  <testcase name="closeBrowser" time="10.470" classname="testng_Framework.CrossBrowser.CrossBrowser_Test"/>
  <testcase name="closeBrowser" time="5.365" classname="testng_Framework.CrossBrowser.CrossBrowser_Test"/>
</testsuite> <!-- testng_Framework.CrossBrowser.CrossBrowser_Test -->
