<?xml version="1.0" encoding="UTF-8"?>
<!-- Generated by org.testng.reporters.JUnitReportReporter -->
<testsuite skipped="0" hostname="AA-PC" name="testng_Framework.My_Testng_Test" tests="1" failures="0" timestamp="2019-12-12T10:00:51 IST" time="0.011" errors="0">
  <testcase name="tc001" time="0.011" classname="testng_Framework.My_Testng_Test"/>
</testsuite> <!-- testng_Framework.My_Testng_Test -->
