<?xml version="1.0" encoding="UTF-8"?>
<!-- Generated by org.testng.reporters.JUnitReportReporter -->
<testsuite skipped="0" hostname="AA-PC" name="testng_Framework.DataProvider.InputData2" tests="4" failures="0" timestamp="2019-12-16T10:10:42 IST" time="0.017" errors="0">
  <testcase name="Test" time="0.001" classname="testng_Framework.DataProvider.InputData2"/>
  <testcase name="Test" time="0.003" classname="testng_Framework.DataProvider.InputData2"/>
  <testcase name="Test" time="0.010" classname="testng_Framework.DataProvider.InputData2"/>
  <testcase name="Test" time="0.003" classname="testng_Framework.DataProvider.InputData2"/>
</testsuite> <!-- testng_Framework.DataProvider.InputData2 -->
