<?xml version="1.0" encoding="UTF-8"?>
<!-- Generated by org.testng.reporters.JUnitReportReporter -->
<testsuite skipped="0" hostname="AA-PC" name="testng_Framework.TestSuite.Class1" tests="1" failures="0" timestamp="2019-12-14T10:57:13 IST" time="0.014" errors="0">
  <testcase name="tc002" time="0.014" classname="testng_Framework.TestSuite.Class1"/>
</testsuite> <!-- testng_Framework.TestSuite.Class1 -->
