<?xml version="1.0" encoding="UTF-8"?>
<!-- Generated by org.testng.reporters.JUnitReportReporter -->
<testsuite skipped="1" hostname="AA-PC" name="testng_Framework.DataProvider.InputData" tests="5" failures="0" timestamp="2019-12-16T10:02:57 IST" time="0.022" errors="0">
  <testcase name="Verify_login" time="0.002" classname="testng_Framework.DataProvider.InputData"/>
  <testcase name="Verify_login" time="0.003" classname="testng_Framework.DataProvider.InputData"/>
  <testcase name="Verify_login" time="0.014" classname="testng_Framework.DataProvider.InputData"/>
  <testcase name="Verify_login" time="0.003" classname="testng_Framework.DataProvider.InputData"/>
  <testcase name="test" classname="testng_Framework.DataProvider.InputData">
    <skipped/>
  </testcase> <!-- test -->
</testsuite> <!-- testng_Framework.DataProvider.InputData -->
