<?xml version="1.0" encoding="UTF-8"?>
<!-- Generated by org.testng.reporters.JUnitReportReporter -->
<testsuite skipped="0" hostname="AA-PC" name="testng_Framework.Suite_Parameter.Get_Parameters_From_Suite" tests="4" failures="0" timestamp="2019-12-14T11:48:24 IST" time="12.439" errors="0">
  <testcase name="launch_browser" time="3.931" classname="testng_Framework.Suite_Parameter.Get_Parameters_From_Suite"/>
  <testcase name="loadWebpage" time="7.074" classname="testng_Framework.Suite_Parameter.Get_Parameters_From_Suite"/>
  <testcase name="User_login" time="0.697" classname="testng_Framework.Suite_Parameter.Get_Parameters_From_Suite"/>
  <testcase name="User_registration" time="0.737" classname="testng_Framework.Suite_Parameter.Get_Parameters_From_Suite"/>
</testsuite> <!-- testng_Framework.Suite_Parameter.Get_Parameters_From_Suite -->
