<?xml version="1.0" encoding="UTF-8"?>
<!-- Generated by org.testng.reporters.JUnitReportReporter -->
<testsuite skipped="0" hostname="AA-PC" name="testng_Framework.TestSuite.Class3" tests="3" failures="0" timestamp="2019-12-14T10:52:19 IST" time="0.030" errors="0">
  <testcase name="tc009" time="0.012" classname="testng_Framework.TestSuite.Class3"/>
  <testcase name="tc007" time="0.015" classname="testng_Framework.TestSuite.Class3"/>
  <testcase name="tc008" time="0.003" classname="testng_Framework.TestSuite.Class3"/>
</testsuite> <!-- testng_Framework.TestSuite.Class3 -->
