<?xml version="1.0" encoding="UTF-8"?>
<!-- Generated by org.testng.reporters.JUnitReportReporter -->
<testsuite skipped="0" hostname="AA-PC" name="testng_Framework.Method_Priority" tests="3" failures="0" timestamp="2019-12-13T10:36:50 IST" time="0.031" errors="0">
  <testcase name="f" time="0.016" classname="testng_Framework.Method_Priority"/>
  <testcase name="x" time="0.000" classname="testng_Framework.Method_Priority"/>
  <testcase name="a" time="0.015" classname="testng_Framework.Method_Priority"/>
</testsuite> <!-- testng_Framework.Method_Priority -->
