<?xml version="1.0" encoding="UTF-8"?>
<!-- Generated by org.testng.reporters.JUnitReportReporter -->
<testsuite skipped="0" hostname="AA-PC" name="testng_Framework.DataProvider.Get_Data_Provider_From_Diff_Class" tests="4" failures="0" timestamp="2019-12-16T10:14:15 IST" time="0.023" errors="0">
  <testcase name="get_user_data" time="0.011" classname="testng_Framework.DataProvider.Get_Data_Provider_From_Diff_Class"/>
  <testcase name="get_user_data" time="0.003" classname="testng_Framework.DataProvider.Get_Data_Provider_From_Diff_Class"/>
  <testcase name="get_user_data" time="0.003" classname="testng_Framework.DataProvider.Get_Data_Provider_From_Diff_Class"/>
  <testcase name="get_user_data" time="0.006" classname="testng_Framework.DataProvider.Get_Data_Provider_From_Diff_Class"/>
</testsuite> <!-- testng_Framework.DataProvider.Get_Data_Provider_From_Diff_Class -->
