<?xml version="1.0" encoding="UTF-8"?>
<!-- Generated by org.testng.reporters.JUnitReportReporter -->
<testsuite skipped="0" hostname="AA-PC" name="testng_Framework.BeforeTest_and_AfterTest.TestSuite2" tests="6" failures="0" timestamp="2019-12-14T12:31:04 IST" time="0.078" errors="0">
  <testcase name="tc005" time="0.000" classname="testng_Framework.BeforeTest_and_AfterTest.TestSuite2"/>
  <testcase name="tc006" time="0.016" classname="testng_Framework.BeforeTest_and_AfterTest.TestSuite2"/>
  <testcase name="tc004" time="0.000" classname="testng_Framework.BeforeTest_and_AfterTest.TestSuite2"/>
  <testcase name="tc006" time="0.062" classname="testng_Framework.BeforeTest_and_AfterTest.TestSuite2"/>
  <testcase name="tc005" time="0.000" classname="testng_Framework.BeforeTest_and_AfterTest.TestSuite2"/>
  <testcase name="tc004" time="0.000" classname="testng_Framework.BeforeTest_and_AfterTest.TestSuite2"/>
</testsuite> <!-- testng_Framework.BeforeTest_and_AfterTest.TestSuite2 -->
