<?xml version="1.0" encoding="UTF-8"?>
<!-- Generated by org.testng.reporters.JUnitReportReporter -->
<testsuite skipped="0" hostname="AA-PC" name="testng_Framework.Groups.TestSuite1" tests="2" failures="0" timestamp="2019-12-14T11:14:32 IST" time="0.032" errors="0">
  <testcase name="tc001" time="0.016" classname="testng_Framework.Groups.TestSuite1"/>
  <testcase name="tc002" time="0.016" classname="testng_Framework.Groups.TestSuite1"/>
</testsuite> <!-- testng_Framework.Groups.TestSuite1 -->
