<?xml version="1.0" encoding="UTF-8"?>
<!-- Generated by org.testng.reporters.JUnitReportReporter -->
<testsuite skipped="0" hostname="AA-PC" name="testng_Framework.DataProvider.DataProvider_With_Excel_Intergration" tests="1" failures="0" timestamp="2019-12-16T10:39:24 IST" time="0.000" errors="0">
  <testcase name="Verify_login" time="0.000" classname="testng_Framework.DataProvider.DataProvider_With_Excel_Intergration"/>
</testsuite> <!-- testng_Framework.DataProvider.DataProvider_With_Excel_Intergration -->
