<?xml version="1.0" encoding="UTF-8"?>
<!-- Generated by org.testng.reporters.JUnitReportReporter -->
<testsuite skipped="0" hostname="AA-PC" name="testng_Framework.Testng_WebDriver_Testcase" tests="3" failures="0" timestamp="2019-12-13T10:33:06 IST" time="18.512" errors="0">
  <testcase name="Tc001_Verify_Signup_link" time="7.839" classname="testng_Framework.Testng_WebDriver_Testcase"/>
  <testcase name="Tc002_Verify_Messenger_link" time="7.189" classname="testng_Framework.Testng_WebDriver_Testcase"/>
  <testcase name="Tc003_Verify_Games_link" time="3.484" classname="testng_Framework.Testng_WebDriver_Testcase"/>
</testsuite> <!-- testng_Framework.Testng_WebDriver_Testcase -->
