<?xml version="1.0" encoding="UTF-8"?>
<!-- Generated by org.testng.reporters.JUnitReportReporter -->
<testsuite skipped="0" hostname="AA-PC" name="testng_Framework.Groups.TestSuite2" tests="2" failures="0" timestamp="2019-12-14T11:14:32 IST" time="0.000" errors="0">
  <testcase name="tc006" time="0.000" classname="testng_Framework.Groups.TestSuite2"/>
  <testcase name="tc005" time="0.000" classname="testng_Framework.Groups.TestSuite2"/>
</testsuite> <!-- testng_Framework.Groups.TestSuite2 -->
